<!--
  ~ Copyright (C) 2003-2009 eXo Platform SAS.
  ~
  ~ This is free software; you can redistribute it and/or modify it
  ~ under the terms of the GNU Lesser General Public License as
  ~ published by the Free Software Foundation; either version 2.1 of
  ~ the License, or (at your option) any later version.
  ~
  ~ This software is distributed in the hope that it will be useful,
  ~ but WITHOUT ANY WARRANTY; without even the implied warranty of
  ~ MERCHANTABILITY or FITNESS FOR A PARTICULAR PURPOSE. See the GNU
  ~ Lesser General Public License for more details.
  ~
  ~ You should have received a copy of the GNU Lesser General Public
  ~ License along with this software; if not, write to the Free
  ~ Software Foundation, Inc., 51 Franklin St, Fifth Floor, Boston, MA
  ~ 02110-1301 USA, or see the FSF site: http://www.fsf.org.
  -->

<nodeTypes xmlns:nt="http://www.jcp.org/jcr/nt/1.0" xmlns:mix="http://www.jcp.org/jcr/mix/1.0" xmlns:jcr="http://www.jcp.org/jcr/1.0">


  <nodeType name="a" isMixin="false" hasOrderableChildNodes="false" primaryItemName="">
    <supertypes>
      <supertype>nt:base</supertype>
      <supertype>mix:referenceable</supertype>
    </supertypes>
    <childNodeDefinitions>
      <childNodeDefinition name="b" defaultPrimaryType="b" autoCreated="true" mandatory="true"
        onParentVersion="COPY" protected="false" sameNameSiblings="false">
        <requiredPrimaryTypes>
          <requiredPrimaryType>b</requiredPrimaryType>
        </requiredPrimaryTypes>
      </childNodeDefinition>
    </childNodeDefinitions>
  </nodeType>

  <nodeType name="b" isMixin="false" hasOrderableChildNodes="false" primaryItemName="">
    <supertypes>
      <supertype>nt:base</supertype>
      <supertype>mix:referenceable</supertype>
    </supertypes>
  </nodeType>

  <nodeType name="c" isMixin="true" hasOrderableChildNodes="false" primaryItemName="">
    <supertypes>
      <supertype>nt:base</supertype>
    </supertypes>
    <propertyDefinitions>
      <propertyDefinition name="d1" requiredType="String" autoCreated="false" mandatory="false" onParentVersion="COPY" protected="false" multiple="false">
        <valueConstraints/>
      </propertyDefinition>
      <propertyDefinition name="d2" requiredType="Date" autoCreated="false" mandatory="false" onParentVersion="COPY" protected="false" multiple="false">
        <valueConstraints/>
      </propertyDefinition>
    </propertyDefinitions>
  </nodeType>

  <nodeType name="e" isMixin="true" hasOrderableChildNodes="false" primaryItemName="">
    <supertypes>
      <supertype>nt:base</supertype>
    </supertypes>
    <propertyDefinitions>
      <propertyDefinition name="f" requiredType="String" autoCreated="false" mandatory="false" onParentVersion="COPY" protected="false" multiple="false">
        <valueConstraints/>
      </propertyDefinition>
    </propertyDefinitions>
  </nodeType>

  <nodeType name="list" isMixin="false" hasOrderableChildNodes="true" primaryItemName="">
    <supertypes>
      <supertype>nt:base</supertype>
    </supertypes>
    <childNodeDefinitions>
      <childNodeDefinition name="*" defaultPrimaryType="nt:unstructured" autoCreated="false" mandatory="false"
        onParentVersion="COPY" protected="false" sameNameSiblings="false">
        <requiredPrimaryTypes>
          <requiredPrimaryType>nt:unstructured</requiredPrimaryType>
        </requiredPrimaryTypes>
      </childNodeDefinition>
    </childNodeDefinitions>
  </nodeType>

  <!-- Node type generated for the class org.chromattic.test.onetomany.reference.B1 -->
  <nodeType name="weird_bug2" isMixin="false" hasOrderableChildNodes="false">
    <propertyDefinitions>
      <propertyDefinition name="ref" requiredType="Path" autoCreated="false" mandatory="false" onParentVersion="COPY" protected="false" multiple="false">
        <valueConstraints/>
      </propertyDefinition>
    </propertyDefinitions>
    <childNodeDefinitions/>
  </nodeType>

</nodeTypes>
  